<?xml version="1.0" encoding="UTF-8"?>
<!-- Generated by org.testng.reporters.JUnitXMLReporter -->
<testsuite ignored="0" hostname="DESKTOP-JNTRCP7" failures="0" tests="4" name="Test" time="209.878" errors="0" timestamp="26 Jun 2021 07:01:25 GMT">
  <testcase classname="com.qa.testscript.TC_Cleartrip" name="ClearTripRegister" time="50.904"/>
  <testcase classname="com.qa.testscript.TC_Cleartrip" name="ClearTripRegister" time="44.404"/>
  <testcase classname="com.qa.testscript.TC1_Cleartrip" name="TrainRegister" time="19.117"/>
  <testcase classname="com.qa.testscript.TC1_Cleartrip" name="TrainRegister" time="18.476"/>
</testsuite> <!-- Test -->
