<?xml version="1.0" encoding="UTF-8"?>
<testng-results ignored="0" total="4" passed="4" failed="0" skipped="0">
  <reporter-output>
    <line>
      <![CDATA[Test is passed]]>
    </line>
    <line>
      <![CDATA[Test is passed]]>
    </line>
    <line>
      <![CDATA[Select class
AC First Class (1A)
AC 2 Tier (2A)
AC 3 Tier (3A)
AC 3 Economy (3E)
Exec. Chair Car (EC)
AC Chair Car (CC)
First Class (FC)
Sleeper (SL)
Second Sitting (2S)]]>
    </line>
    <line>
      <![CDATA[Title is failed]]>
    </line>
    <line>
      <![CDATA[Select class
AC First Class (1A)
AC 2 Tier (2A)
AC 3 Tier (3A)
AC 3 Economy (3E)
Exec. Chair Car (EC)
AC Chair Car (CC)
First Class (FC)
Sleeper (SL)
Second Sitting (2S)]]>
    </line>
    <line>
      <![CDATA[Title is failed]]>
    </line>
  </reporter-output>
  <suite started-at="2021-06-26T06:57:55Z" name="Suite" finished-at="2021-06-26T07:01:25Z" duration-ms="209878">
    <groups>
    </groups>
    <test started-at="2021-06-26T06:57:55Z" name="Test" finished-at="2021-06-26T07:01:25Z" duration-ms="209878">
      <class name="com.qa.testscript.TC_Cleartrip">
        <test-method is-config="true" signature="SetUp(java.lang.String, java.lang.String)[pri:0, instance:com.qa.testscript.TC_Cleartrip@671a5887]" started-at="2021-06-26T06:57:56Z" name="SetUp" finished-at="2021-06-26T06:58:31Z" duration-ms="34836" status="PASS">
          <params>
            <param index="0">
              <value>
                <![CDATA[Chrome]]>
              </value>
            </param>
            <param index="1">
              <value>
                <![CDATA[https://www.cleartrip.com/]]>
              </value>
            </param>
          </params>
          <reporter-output>
          </reporter-output>
        </test-method> <!-- SetUp -->
        <test-method signature="ClearTripRegister(java.lang.String, java.lang.String)[pri:0, instance:com.qa.testscript.TC_Cleartrip@671a5887]" started-at="2021-06-26T06:58:43Z" name="ClearTripRegister" data-provider="getData" finished-at="2021-06-26T06:59:34Z" duration-ms="50904" status="PASS">
          <params>
            <param index="0">
              <value>
                <![CDATA[Park Hyatt Chennai,Chennai]]>
              </value>
            </param>
            <param index="1">
              <value>
                <![CDATA[2 rooms, 4 adults]]>
              </value>
            </param>
          </params>
          <reporter-output>
            <line>
              <![CDATA[Test is passed]]>
            </line>
          </reporter-output>
        </test-method> <!-- ClearTripRegister -->
        <test-method signature="ClearTripRegister(java.lang.String, java.lang.String)[pri:0, instance:com.qa.testscript.TC_Cleartrip@671a5887]" started-at="2021-06-26T06:59:34Z" name="ClearTripRegister" data-provider="getData" finished-at="2021-06-26T07:00:19Z" duration-ms="44404" status="PASS">
          <params>
            <param index="0">
              <value>
                <![CDATA[Hotel Chola,Cotobade]]>
              </value>
            </param>
            <param index="1">
              <value>
                <![CDATA[2 rooms, 4 adults]]>
              </value>
            </param>
          </params>
          <reporter-output>
            <line>
              <![CDATA[Test is passed]]>
            </line>
          </reporter-output>
        </test-method> <!-- ClearTripRegister -->
        <test-method is-config="true" signature="TearDown()[pri:0, instance:com.qa.testscript.TC_Cleartrip@671a5887]" started-at="2021-06-26T07:00:19Z" name="TearDown" finished-at="2021-06-26T07:00:21Z" duration-ms="2567" status="PASS">
          <reporter-output>
          </reporter-output>
        </test-method> <!-- TearDown -->
      </class> <!-- com.qa.testscript.TC_Cleartrip -->
      <class name="com.qa.testscript.TC1_Cleartrip">
        <test-method is-config="true" signature="SetUp(java.lang.String, java.lang.String)[pri:0, instance:com.qa.testscript.TC1_Cleartrip@5552768b]" started-at="2021-06-26T07:00:21Z" name="SetUp" finished-at="2021-06-26T07:00:45Z" duration-ms="24077" status="PASS">
          <params>
            <param index="0">
              <value>
                <![CDATA[Chrome]]>
              </value>
            </param>
            <param index="1">
              <value>
                <![CDATA[https://www.cleartrip.com/]]>
              </value>
            </param>
          </params>
          <reporter-output>
          </reporter-output>
        </test-method> <!-- SetUp -->
        <test-method signature="TrainRegister(java.lang.String, java.lang.String)[pri:0, instance:com.qa.testscript.TC1_Cleartrip@5552768b]" started-at="2021-06-26T07:00:47Z" name="TrainRegister" data-provider="getData" finished-at="2021-06-26T07:01:06Z" duration-ms="19117" status="PASS">
          <params>
            <param index="0">
              <value>
                <![CDATA[Chennai Central]]>
              </value>
            </param>
            <param index="1">
              <value>
                <![CDATA[Hyderabad Decan]]>
              </value>
            </param>
          </params>
          <reporter-output>
            <line>
              <![CDATA[Select class
AC First Class (1A)
AC 2 Tier (2A)
AC 3 Tier (3A)
AC 3 Economy (3E)
Exec. Chair Car (EC)
AC Chair Car (CC)
First Class (FC)
Sleeper (SL)
Second Sitting (2S)]]>
            </line>
            <line>
              <![CDATA[Title is failed]]>
            </line>
          </reporter-output>
        </test-method> <!-- TrainRegister -->
        <test-method signature="TrainRegister(java.lang.String, java.lang.String)[pri:0, instance:com.qa.testscript.TC1_Cleartrip@5552768b]" started-at="2021-06-26T07:01:06Z" name="TrainRegister" data-provider="getData" finished-at="2021-06-26T07:01:24Z" duration-ms="18476" status="PASS">
          <params>
            <param index="0">
              <value>
                <![CDATA[Pune Junction]]>
              </value>
            </param>
            <param index="1">
              <value>
                <![CDATA[Bangalore East]]>
              </value>
            </param>
          </params>
          <reporter-output>
            <line>
              <![CDATA[Select class
AC First Class (1A)
AC 2 Tier (2A)
AC 3 Tier (3A)
AC 3 Economy (3E)
Exec. Chair Car (EC)
AC Chair Car (CC)
First Class (FC)
Sleeper (SL)
Second Sitting (2S)]]>
            </line>
            <line>
              <![CDATA[Title is failed]]>
            </line>
          </reporter-output>
        </test-method> <!-- TrainRegister -->
        <test-method is-config="true" signature="TearDown()[pri:0, instance:com.qa.testscript.TC1_Cleartrip@5552768b]" started-at="2021-06-26T07:01:24Z" name="TearDown" finished-at="2021-06-26T07:01:25Z" duration-ms="707" status="PASS">
          <reporter-output>
          </reporter-output>
        </test-method> <!-- TearDown -->
      </class> <!-- com.qa.testscript.TC1_Cleartrip -->
    </test> <!-- Test -->
  </suite> <!-- Suite -->
</testng-results>
